<?xml version="1.0" encoding="UTF-8" ?>
<testsuites>
  <testsuite errors="0" failures="0" hostname="DCSA-PARTRIDGE-MAC.local" id="0" name="cukerunner" package="DemoSite.SmokeTests" skipped="0" tests="22" time="13.478" timestamp="2015-08-11T16:07:30">
      <properties>
[...]
</properties>

      <testcase classname="Scenario: I am on a simple product page" name="Given I am on a simple product page" time="0.0" />

      <testcase classname="Scenario: I am on a simple product page" name="Then product name, price, and availability should be displayed" time="0.0" />

      <testcase classname="junit.framework.TestSuite" name="Scenario: I am on a simple product page" time="4.598" />

      <testcase classname="Scenario: I am on simple product page and product is in stock" name="Given I am on a simple product page" time="0.0" />

      <testcase classname="Scenario: I am on simple product page and product is in stock" name="And that product is in stock" time="0.0" />

      <testcase classname="Scenario: I am on simple product page and product is in stock" name="Then Add to Cart button should be displayed" time="0.0" />

      <testcase classname="Scenario: I am on simple product page and product is in stock" name="And editable quantity field should be displayed" time="0.0" />

      <testcase classname="junit.framework.TestSuite" name="Scenario: I am on simple product page and product is in stock" time="3.27" />

      <testcase classname="Scenario: Adding simple product to cart" name="Given I am on a simple product page" time="0.0" />

      <testcase classname="Scenario: Adding simple product to cart" name="And that product is in stock" time="0.0" />

      <testcase classname="Scenario: Adding simple product to cart" name="When I click the Add to Cart button" time="0.0" />

      <testcase classname="Scenario: Adding simple product to cart" name="Then a page notification should be displayed saying product successfully added to cart" time="0.0" />

      <testcase classname="Scenario: Adding simple product to cart" name="And product should be added to my cart" time="0.0" />

      <testcase classname="junit.framework.TestSuite" name="Scenario: Adding simple product to cart" time="5.477" />

      <system-out><![CDATA[Feature: smoke tests to test simple product page
I am on a simple product page ran

  Background:                           [90m# test/resource/SimpleProductSmokeTest.feature:3[0m
    [32mGiven [0m[32mI am on a simple product page[0m [90m# SimpleProductPageStepDefinitions.i_am_on_a_simple_product_page()[0m
product name, price, and availability should be displayed ran

  @test
  Scenario: I am on a simple product page                          [90m# test/resource/SimpleProductSmokeTest.feature:7[0m
    [32mThen [0m[32mproduct name, price, and availability should be displayed[0m [90m# SimpleProductPageStepDefinitions.product_name_price_and_availability_should_be_displayed()[0m
I am on a simple product page ran

  Background:                           [90m# test/resource/SimpleProductSmokeTest.feature:3[0m
    [32mGiven [0m[32mI am on a simple product page[0m [90m# SimpleProductPageStepDefinitions.i_am_on_a_simple_product_page()[0m
that product is in stock ran
Add to Cart button should be displayed ran
editable quantity field should be displayed ran

  @test
  Scenario: I am on simple product page and product is in stock [90m# test/resource/SimpleProductSmokeTest.feature:11[0m
    [32mAnd [0m[32mthat product is in stock[0m                                [90m# SimpleProductPageStepDefinitions.that_product_is_in_stock()[0m
    [32mThen [0m[32mAdd to Cart button should be displayed[0m                 [90m# SimpleProductPageStepDefinitions.add_to_Cart_button_should_be_displayed()[0m
    [32mAnd [0m[32meditable quantity field should be displayed[0m             [90m# SimpleProductPageStepDefinitions.editable_quantity_field_should_be_displayed()[0m
I am on a simple product page ran

  Background:                           [90m# test/resource/SimpleProductSmokeTest.feature:3[0m
    [32mGiven [0m[32mI am on a simple product page[0m [90m# SimpleProductPageStepDefinitions.i_am_on_a_simple_product_page()[0m
that product is in stock ran
I click the Add to Cart button ran
a page notification should be displayed saying product successfully added to cart ran
product should be added to my cart ran

  @test
  Scenario: Adding simple product to cart                                                  [90m# test/resource/SimpleProductSmokeTest.feature:17[0m
    [32mAnd [0m[32mthat product is in stock[0m                                                           [90m# SimpleProductPageStepDefinitions.that_product_is_in_stock()[0m
    [32mWhen [0m[32mI click the Add to Cart button[0m                                                    [90m# SimpleProductPageStepDefinitions.i_click_the_Add_to_Cart_button()[0m
    [32mThen [0m[32ma page notification should be displayed saying product successfully added to cart[0m [90m# SimpleProductPageStepDefinitions.a_page_notification_should_be_displayed_saying_product_successfully_added_to_cart()[0m
    [32mAnd [0m[32mproduct should be added to my cart[0m                                                 [90m# SimpleProductPageStepDefinitions.product_should_be_added_to_my_cart()[0m

3 Scenarios ([32m3 passed[0m)
11 Steps ([32m11 passed[0m)
0m13.282s

]]></system-out>

      <system-err><![CDATA[Aug 11, 2015 12:07:30 PM org.openqa.selenium.phantomjs.PhantomJSDriverService <init>
INFO: executable: /Users/Shared/Jenkins/phantomjs-2.0.0-macosx/bin/phantomjs
Aug 11, 2015 12:07:30 PM org.openqa.selenium.phantomjs.PhantomJSDriverService <init>
INFO: port: 39238
Aug 11, 2015 12:07:30 PM org.openqa.selenium.phantomjs.PhantomJSDriverService <init>
INFO: arguments: [--webdriver=39238, --webdriver-logfile=/Users/joshpartridge/Documents/workspace/SmokeTests/phantomjsdriver.log]
Aug 11, 2015 12:07:30 PM org.openqa.selenium.phantomjs.PhantomJSDriverService <init>
INFO: environment: {}
[INFO  - 2015-08-11T16:07:30.670Z] GhostDriver - Main - running on port 39238
[INFO  - 2015-08-11T16:07:31.075Z] Session [11d338f0-4043-11e5-8548-5b93342d4c66] - page.settings - {"XSSAuditingEnabled":false,"javascriptCanCloseWindows":true,"javascriptCanOpenWindows":true,"javascriptEnabled":true,"loadImages":true,"localToRemoteUrlAccessEnabled":false,"userAgent":"Mozilla/5.0 (Macintosh; Intel Mac OS X) AppleWebKit/538.1 (KHTML, like Gecko) PhantomJS/2.0.0 Safari/538.1","webSecurityEnabled":true}
[INFO  - 2015-08-11T16:07:31.075Z] Session [11d338f0-4043-11e5-8548-5b93342d4c66] - page.customHeaders:  - {}
[INFO  - 2015-08-11T16:07:31.075Z] Session [11d338f0-4043-11e5-8548-5b93342d4c66] - Session.negotiatedCapabilities - {"browserName":"phantomjs","version":"2.0.0","driverName":"ghostdriver","driverVersion":"1.2.0","platform":"mac-10.9 (Mavericks)-64bit","javascriptEnabled":true,"takesScreenshot":true,"handlesAlerts":false,"databaseEnabled":false,"locationContextEnabled":false,"applicationCacheEnabled":false,"browserConnectionEnabled":false,"cssSelectorsEnabled":true,"webStorageEnabled":false,"rotatable":false,"acceptSslCerts":false,"nativeEvents":true,"proxy":{"proxyType":"direct"}}
[INFO  - 2015-08-11T16:07:31.075Z] SessionManagerReqHand - _postNewSessionCommand - New Session Created: 11d338f0-4043-11e5-8548-5b93342d4c66
[INFO  - 2015-08-11T16:07:34.238Z] ShutdownReqHand - _handle - About to shutdown
Aug 11, 2015 12:07:34 PM org.openqa.selenium.phantomjs.PhantomJSDriverService <init>
INFO: executable: /Users/Shared/Jenkins/phantomjs-2.0.0-macosx/bin/phantomjs
Aug 11, 2015 12:07:34 PM org.openqa.selenium.phantomjs.PhantomJSDriverService <init>
INFO: port: 5121
Aug 11, 2015 12:07:34 PM org.openqa.selenium.phantomjs.PhantomJSDriverService <init>
INFO: arguments: [--webdriver=5121, --webdriver-logfile=/Users/joshpartridge/Documents/workspace/SmokeTests/phantomjsdriver.log]
Aug 11, 2015 12:07:34 PM org.openqa.selenium.phantomjs.PhantomJSDriverService <init>
INFO: environment: {}
[INFO  - 2015-08-11T16:07:35.012Z] GhostDriver - Main - running on port 5121
[INFO  - 2015-08-11T16:07:35.320Z] Session [145af540-4043-11e5-aabe-f38c1d2e47d0] - page.settings - {"XSSAuditingEnabled":false,"javascriptCanCloseWindows":true,"javascriptCanOpenWindows":true,"javascriptEnabled":true,"loadImages":true,"localToRemoteUrlAccessEnabled":false,"userAgent":"Mozilla/5.0 (Macintosh; Intel Mac OS X) AppleWebKit/538.1 (KHTML, like Gecko) PhantomJS/2.0.0 Safari/538.1","webSecurityEnabled":true}
[INFO  - 2015-08-11T16:07:35.320Z] Session [145af540-4043-11e5-aabe-f38c1d2e47d0] - page.customHeaders:  - {}
[INFO  - 2015-08-11T16:07:35.320Z] Session [145af540-4043-11e5-aabe-f38c1d2e47d0] - Session.negotiatedCapabilities - {"browserName":"phantomjs","version":"2.0.0","driverName":"ghostdriver","driverVersion":"1.2.0","platform":"mac-10.9 (Mavericks)-64bit","javascriptEnabled":true,"takesScreenshot":true,"handlesAlerts":false,"databaseEnabled":false,"locationContextEnabled":false,"applicationCacheEnabled":false,"browserConnectionEnabled":false,"cssSelectorsEnabled":true,"webStorageEnabled":false,"rotatable":false,"acceptSslCerts":false,"nativeEvents":true,"proxy":{"proxyType":"direct"}}
[INFO  - 2015-08-11T16:07:35.320Z] SessionManagerReqHand - _postNewSessionCommand - New Session Created: 145af540-4043-11e5-aabe-f38c1d2e47d0
[INFO  - 2015-08-11T16:07:37.509Z] ShutdownReqHand - _handle - About to shutdown
Aug 11, 2015 12:07:38 PM org.openqa.selenium.phantomjs.PhantomJSDriverService <init>
INFO: executable: /Users/Shared/Jenkins/phantomjs-2.0.0-macosx/bin/phantomjs
Aug 11, 2015 12:07:38 PM org.openqa.selenium.phantomjs.PhantomJSDriverService <init>
INFO: port: 16774
Aug 11, 2015 12:07:38 PM org.openqa.selenium.phantomjs.PhantomJSDriverService <init>
INFO: arguments: [--webdriver=16774, --webdriver-logfile=/Users/joshpartridge/Documents/workspace/SmokeTests/phantomjsdriver.log]
Aug 11, 2015 12:07:38 PM org.openqa.selenium.phantomjs.PhantomJSDriverService <init>
INFO: environment: {}
[INFO  - 2015-08-11T16:07:38.285Z] GhostDriver - Main - running on port 16774
[INFO  - 2015-08-11T16:07:38.587Z] Session [164d7670-4043-11e5-9956-2b26bd165729] - page.settings - {"XSSAuditingEnabled":false,"javascriptCanCloseWindows":true,"javascriptCanOpenWindows":true,"javascriptEnabled":true,"loadImages":true,"localToRemoteUrlAccessEnabled":false,"userAgent":"Mozilla/5.0 (Macintosh; Intel Mac OS X) AppleWebKit/538.1 (KHTML, like Gecko) PhantomJS/2.0.0 Safari/538.1","webSecurityEnabled":true}
[INFO  - 2015-08-11T16:07:38.587Z] Session [164d7670-4043-11e5-9956-2b26bd165729] - page.customHeaders:  - {}
[INFO  - 2015-08-11T16:07:38.587Z] Session [164d7670-4043-11e5-9956-2b26bd165729] - Session.negotiatedCapabilities - {"browserName":"phantomjs","version":"2.0.0","driverName":"ghostdriver","driverVersion":"1.2.0","platform":"mac-10.9 (Mavericks)-64bit","javascriptEnabled":true,"takesScreenshot":true,"handlesAlerts":false,"databaseEnabled":false,"locationContextEnabled":false,"applicationCacheEnabled":false,"browserConnectionEnabled":false,"cssSelectorsEnabled":true,"webStorageEnabled":false,"rotatable":false,"acceptSslCerts":false,"nativeEvents":true,"proxy":{"proxyType":"direct"}}
[INFO  - 2015-08-11T16:07:38.587Z] SessionManagerReqHand - _postNewSessionCommand - New Session Created: 164d7670-4043-11e5-9956-2b26bd165729
[INFO  - 2015-08-11T16:07:42.983Z] ShutdownReqHand - _handle - About to shutdown
]]></system-err>

  </testsuite>
</testsuites>
