<?xml version="1.0" encoding="UTF-8" ?>
<testsuite errors="6" failures="0" hostname="DCSA-PARTRIDGE-MAC.local" name="DemoSite.SmokeTests.cukerunner" skipped="8" tests="22" time="105.962" timestamp="2015-08-12T14:58:23">
  <properties>
[...]
</properties>
  <testcase classname="Scenario: I am on a simple product page" name="Given I am on a simple product page" time="0.004">
    <error message="Element is not currently visible and so may not be interacted with&#xa;Command duration or timeout: 30.14 seconds&#xa;Build info: version: &apos;2.44.0&apos;, revision: &apos;76d78cf323ce037c5f92db6c1bba601c2ac43ad8&apos;, time: &apos;2014-10-23 13:11:40&apos;&#xa;System info: host: &apos;DCSA-PARTRIDGE-MAC.local&apos;, ip: &apos;10.1.255.113&apos;, os.name: &apos;Mac OS X&apos;, os.arch: &apos;x86_64&apos;, os.version: &apos;10.10.3&apos;, java.version: &apos;1.8.0_25&apos;&#xa;Driver info: org.openqa.selenium.firefox.FirefoxDriver&#xa;Capabilities [{applicationCacheEnabled=true, rotatable=false, handlesAlerts=true, databaseEnabled=true, version=39.0, platform=MAC, nativeEvents=false, acceptSslCerts=true, webStorageEnabled=true, locationContextEnabled=true, browserName=firefox, takesScreenshot=true, javascriptEnabled=true, cssSelectorsEnabled=true}]&#xa;Session ID: ccf9ee03-a37a-1d47-8810-0be993f575ab" type="org.openqa.selenium.ElementNotVisibleException">org.openqa.selenium.ElementNotVisibleException: Element is not currently visible and so may not be interacted with
Command duration or timeout: 30.14 seconds
Build info: version: &apos;2.44.0&apos;, revision: &apos;76d78cf323ce037c5f92db6c1bba601c2ac43ad8&apos;, time: &apos;2014-10-23 13:11:40&apos;
System info: host: &apos;DCSA-PARTRIDGE-MAC.local&apos;, ip: &apos;10.1.255.113&apos;, os.name: &apos;Mac OS X&apos;, os.arch: &apos;x86_64&apos;, os.version: &apos;10.10.3&apos;, java.version: &apos;1.8.0_25&apos;
Driver info: org.openqa.selenium.firefox.FirefoxDriver
Capabilities [{applicationCacheEnabled=true, rotatable=false, handlesAlerts=true, databaseEnabled=true, version=39.0, platform=MAC, nativeEvents=false, acceptSslCerts=true, webStorageEnabled=true, locationContextEnabled=true, browserName=firefox, takesScreenshot=true, javascriptEnabled=true, cssSelectorsEnabled=true}]
Session ID: ccf9ee03-a37a-1d47-8810-0be993f575ab
	at java.lang.reflect.Constructor.newInstance(Constructor.java:408)
	at org.openqa.selenium.remote.ErrorHandler.createThrowable(ErrorHandler.java:204)
	at org.openqa.selenium.remote.ErrorHandler.throwIfResponseFailed(ErrorHandler.java:156)
	at org.openqa.selenium.remote.RemoteWebDriver.execute(RemoteWebDriver.java:599)
	at org.openqa.selenium.remote.RemoteWebElement.execute(RemoteWebElement.java:268)
	at org.openqa.selenium.remote.RemoteWebElement.click(RemoteWebElement.java:79)
	at DemoSite.SmokeTests.SimpleProductPageStepDefinitions.i_am_on_a_simple_product_page(SimpleProductPageStepDefinitions.java:45)
	at ✽.Given I am on a simple product page(test/resource/SimpleProductSmokeTest.feature:4)
Caused by: org.openqa.selenium.ElementNotVisibleException: Element is not currently visible and so may not be interacted with
Build info: version: &apos;2.44.0&apos;, revision: &apos;76d78cf323ce037c5f92db6c1bba601c2ac43ad8&apos;, time: &apos;2014-10-23 13:11:40&apos;
System info: host: &apos;DCSA-PARTRIDGE-MAC.local&apos;, ip: &apos;10.1.255.113&apos;, os.name: &apos;Mac OS X&apos;, os.arch: &apos;x86_64&apos;, os.version: &apos;10.10.3&apos;, java.version: &apos;1.8.0_25&apos;
Driver info: driver.version: unknown
	at &lt;anonymous class&gt;.fxdriver.preconditions.visible(file:///var/folders/qf/cfs16kkj6j5gw2ghyj_9br2c00007q/T/anonymous85134726151926746webdriver-profile/extensions/fxdriver@googlecode.com/components/command-processor.js:9587)
	at &lt;anonymous class&gt;.DelayedCommand.prototype.checkPreconditions_(file:///var/folders/qf/cfs16kkj6j5gw2ghyj_9br2c00007q/T/anonymous85134726151926746webdriver-profile/extensions/fxdriver@googlecode.com/components/command-processor.js:12257)
	at &lt;anonymous class&gt;.DelayedCommand.prototype.executeInternal_/h(file:///var/folders/qf/cfs16kkj6j5gw2ghyj_9br2c00007q/T/anonymous85134726151926746webdriver-profile/extensions/fxdriver@googlecode.com/components/command-processor.js:12274)
	at &lt;anonymous class&gt;.fxdriver.Timer.prototype.setTimeout/&lt;.notify(file:///var/folders/qf/cfs16kkj6j5gw2ghyj_9br2c00007q/T/anonymous85134726151926746webdriver-profile/extensions/fxdriver@googlecode.com/components/command-processor.js:603)
</error>
  </testcase>
  <testcase classname="junit.framework.TestSuite" name="Scenario: I am on a simple product page" time="36.214">
    <error message="Element is not currently visible and so may not be interacted with&#xa;Command duration or timeout: 30.14 seconds&#xa;Build info: version: &apos;2.44.0&apos;, revision: &apos;76d78cf323ce037c5f92db6c1bba601c2ac43ad8&apos;, time: &apos;2014-10-23 13:11:40&apos;&#xa;System info: host: &apos;DCSA-PARTRIDGE-MAC.local&apos;, ip: &apos;10.1.255.113&apos;, os.name: &apos;Mac OS X&apos;, os.arch: &apos;x86_64&apos;, os.version: &apos;10.10.3&apos;, java.version: &apos;1.8.0_25&apos;&#xa;Driver info: org.openqa.selenium.firefox.FirefoxDriver&#xa;Capabilities [{applicationCacheEnabled=true, rotatable=false, handlesAlerts=true, databaseEnabled=true, version=39.0, platform=MAC, nativeEvents=false, acceptSslCerts=true, webStorageEnabled=true, locationContextEnabled=true, browserName=firefox, takesScreenshot=true, javascriptEnabled=true, cssSelectorsEnabled=true}]&#xa;Session ID: ccf9ee03-a37a-1d47-8810-0be993f575ab" type="org.openqa.selenium.ElementNotVisibleException">org.openqa.selenium.ElementNotVisibleException: Element is not currently visible and so may not be interacted with
Command duration or timeout: 30.14 seconds
Build info: version: &apos;2.44.0&apos;, revision: &apos;76d78cf323ce037c5f92db6c1bba601c2ac43ad8&apos;, time: &apos;2014-10-23 13:11:40&apos;
System info: host: &apos;DCSA-PARTRIDGE-MAC.local&apos;, ip: &apos;10.1.255.113&apos;, os.name: &apos;Mac OS X&apos;, os.arch: &apos;x86_64&apos;, os.version: &apos;10.10.3&apos;, java.version: &apos;1.8.0_25&apos;
Driver info: org.openqa.selenium.firefox.FirefoxDriver
Capabilities [{applicationCacheEnabled=true, rotatable=false, handlesAlerts=true, databaseEnabled=true, version=39.0, platform=MAC, nativeEvents=false, acceptSslCerts=true, webStorageEnabled=true, locationContextEnabled=true, browserName=firefox, takesScreenshot=true, javascriptEnabled=true, cssSelectorsEnabled=true}]
Session ID: ccf9ee03-a37a-1d47-8810-0be993f575ab
	at java.lang.reflect.Constructor.newInstance(Constructor.java:408)
	at org.openqa.selenium.remote.ErrorHandler.createThrowable(ErrorHandler.java:204)
	at org.openqa.selenium.remote.ErrorHandler.throwIfResponseFailed(ErrorHandler.java:156)
	at org.openqa.selenium.remote.RemoteWebDriver.execute(RemoteWebDriver.java:599)
	at org.openqa.selenium.remote.RemoteWebElement.execute(RemoteWebElement.java:268)
	at org.openqa.selenium.remote.RemoteWebElement.click(RemoteWebElement.java:79)
	at DemoSite.SmokeTests.SimpleProductPageStepDefinitions.i_am_on_a_simple_product_page(SimpleProductPageStepDefinitions.java:45)
	at ✽.Given I am on a simple product page(test/resource/SimpleProductSmokeTest.feature:4)
Caused by: org.openqa.selenium.ElementNotVisibleException: Element is not currently visible and so may not be interacted with
Build info: version: &apos;2.44.0&apos;, revision: &apos;76d78cf323ce037c5f92db6c1bba601c2ac43ad8&apos;, time: &apos;2014-10-23 13:11:40&apos;
System info: host: &apos;DCSA-PARTRIDGE-MAC.local&apos;, ip: &apos;10.1.255.113&apos;, os.name: &apos;Mac OS X&apos;, os.arch: &apos;x86_64&apos;, os.version: &apos;10.10.3&apos;, java.version: &apos;1.8.0_25&apos;
Driver info: driver.version: unknown
	at &lt;anonymous class&gt;.fxdriver.preconditions.visible(file:///var/folders/qf/cfs16kkj6j5gw2ghyj_9br2c00007q/T/anonymous85134726151926746webdriver-profile/extensions/fxdriver@googlecode.com/components/command-processor.js:9587)
	at &lt;anonymous class&gt;.DelayedCommand.prototype.checkPreconditions_(file:///var/folders/qf/cfs16kkj6j5gw2ghyj_9br2c00007q/T/anonymous85134726151926746webdriver-profile/extensions/fxdriver@googlecode.com/components/command-processor.js:12257)
	at &lt;anonymous class&gt;.DelayedCommand.prototype.executeInternal_/h(file:///var/folders/qf/cfs16kkj6j5gw2ghyj_9br2c00007q/T/anonymous85134726151926746webdriver-profile/extensions/fxdriver@googlecode.com/components/command-processor.js:12274)
	at &lt;anonymous class&gt;.fxdriver.Timer.prototype.setTimeout/&lt;.notify(file:///var/folders/qf/cfs16kkj6j5gw2ghyj_9br2c00007q/T/anonymous85134726151926746webdriver-profile/extensions/fxdriver@googlecode.com/components/command-processor.js:603)
</error>
  </testcase>
  <testcase classname="Scenario: I am on a simple product page" name="Then product name, price, and availability should be displayed" time="0.0">
    <skipped />
  </testcase>
  <testcase classname="junit.framework.TestSuite" name="Scenario: I am on a simple product page" time="36.316" />
  <testcase classname="Scenario: I am on simple product page and product is in stock" name="Given I am on a simple product page" time="0.002">
    <error message="Element is not currently visible and so may not be interacted with&#xa;Command duration or timeout: 30.10 seconds&#xa;Build info: version: &apos;2.44.0&apos;, revision: &apos;76d78cf323ce037c5f92db6c1bba601c2ac43ad8&apos;, time: &apos;2014-10-23 13:11:40&apos;&#xa;System info: host: &apos;DCSA-PARTRIDGE-MAC.local&apos;, ip: &apos;10.1.255.113&apos;, os.name: &apos;Mac OS X&apos;, os.arch: &apos;x86_64&apos;, os.version: &apos;10.10.3&apos;, java.version: &apos;1.8.0_25&apos;&#xa;Driver info: org.openqa.selenium.firefox.FirefoxDriver&#xa;Capabilities [{applicationCacheEnabled=true, rotatable=false, handlesAlerts=true, databaseEnabled=true, version=39.0, platform=MAC, nativeEvents=false, acceptSslCerts=true, webStorageEnabled=true, locationContextEnabled=true, browserName=firefox, takesScreenshot=true, javascriptEnabled=true, cssSelectorsEnabled=true}]&#xa;Session ID: 681e0777-194a-1745-b9c6-bbc4ad559eff" type="org.openqa.selenium.ElementNotVisibleException">org.openqa.selenium.ElementNotVisibleException: Element is not currently visible and so may not be interacted with
Command duration or timeout: 30.10 seconds
Build info: version: &apos;2.44.0&apos;, revision: &apos;76d78cf323ce037c5f92db6c1bba601c2ac43ad8&apos;, time: &apos;2014-10-23 13:11:40&apos;
System info: host: &apos;DCSA-PARTRIDGE-MAC.local&apos;, ip: &apos;10.1.255.113&apos;, os.name: &apos;Mac OS X&apos;, os.arch: &apos;x86_64&apos;, os.version: &apos;10.10.3&apos;, java.version: &apos;1.8.0_25&apos;
Driver info: org.openqa.selenium.firefox.FirefoxDriver
Capabilities [{applicationCacheEnabled=true, rotatable=false, handlesAlerts=true, databaseEnabled=true, version=39.0, platform=MAC, nativeEvents=false, acceptSslCerts=true, webStorageEnabled=true, locationContextEnabled=true, browserName=firefox, takesScreenshot=true, javascriptEnabled=true, cssSelectorsEnabled=true}]
Session ID: 681e0777-194a-1745-b9c6-bbc4ad559eff
	at java.lang.reflect.Constructor.newInstance(Constructor.java:408)
	at org.openqa.selenium.remote.ErrorHandler.createThrowable(ErrorHandler.java:204)
	at org.openqa.selenium.remote.ErrorHandler.throwIfResponseFailed(ErrorHandler.java:156)
	at org.openqa.selenium.remote.RemoteWebDriver.execute(RemoteWebDriver.java:599)
	at org.openqa.selenium.remote.RemoteWebElement.execute(RemoteWebElement.java:268)
	at org.openqa.selenium.remote.RemoteWebElement.click(RemoteWebElement.java:79)
	at DemoSite.SmokeTests.SimpleProductPageStepDefinitions.i_am_on_a_simple_product_page(SimpleProductPageStepDefinitions.java:45)
	at ✽.Given I am on a simple product page(test/resource/SimpleProductSmokeTest.feature:4)
Caused by: org.openqa.selenium.ElementNotVisibleException: Element is not currently visible and so may not be interacted with
Build info: version: &apos;2.44.0&apos;, revision: &apos;76d78cf323ce037c5f92db6c1bba601c2ac43ad8&apos;, time: &apos;2014-10-23 13:11:40&apos;
System info: host: &apos;DCSA-PARTRIDGE-MAC.local&apos;, ip: &apos;10.1.255.113&apos;, os.name: &apos;Mac OS X&apos;, os.arch: &apos;x86_64&apos;, os.version: &apos;10.10.3&apos;, java.version: &apos;1.8.0_25&apos;
Driver info: driver.version: unknown
	at &lt;anonymous class&gt;.fxdriver.preconditions.visible(file:///var/folders/qf/cfs16kkj6j5gw2ghyj_9br2c00007q/T/anonymous3232517477456344052webdriver-profile/extensions/fxdriver@googlecode.com/components/command-processor.js:9587)
	at &lt;anonymous class&gt;.DelayedCommand.prototype.checkPreconditions_(file:///var/folders/qf/cfs16kkj6j5gw2ghyj_9br2c00007q/T/anonymous3232517477456344052webdriver-profile/extensions/fxdriver@googlecode.com/components/command-processor.js:12257)
	at &lt;anonymous class&gt;.DelayedCommand.prototype.executeInternal_/h(file:///var/folders/qf/cfs16kkj6j5gw2ghyj_9br2c00007q/T/anonymous3232517477456344052webdriver-profile/extensions/fxdriver@googlecode.com/components/command-processor.js:12274)
	at &lt;anonymous class&gt;.fxdriver.Timer.prototype.setTimeout/&lt;.notify(file:///var/folders/qf/cfs16kkj6j5gw2ghyj_9br2c00007q/T/anonymous3232517477456344052webdriver-profile/extensions/fxdriver@googlecode.com/components/command-processor.js:603)
</error>
  </testcase>
  <testcase classname="junit.framework.TestSuite" name="Scenario: I am on simple product page and product is in stock" time="34.629">
    <error message="Element is not currently visible and so may not be interacted with&#xa;Command duration or timeout: 30.10 seconds&#xa;Build info: version: &apos;2.44.0&apos;, revision: &apos;76d78cf323ce037c5f92db6c1bba601c2ac43ad8&apos;, time: &apos;2014-10-23 13:11:40&apos;&#xa;System info: host: &apos;DCSA-PARTRIDGE-MAC.local&apos;, ip: &apos;10.1.255.113&apos;, os.name: &apos;Mac OS X&apos;, os.arch: &apos;x86_64&apos;, os.version: &apos;10.10.3&apos;, java.version: &apos;1.8.0_25&apos;&#xa;Driver info: org.openqa.selenium.firefox.FirefoxDriver&#xa;Capabilities [{applicationCacheEnabled=true, rotatable=false, handlesAlerts=true, databaseEnabled=true, version=39.0, platform=MAC, nativeEvents=false, acceptSslCerts=true, webStorageEnabled=true, locationContextEnabled=true, browserName=firefox, takesScreenshot=true, javascriptEnabled=true, cssSelectorsEnabled=true}]&#xa;Session ID: 681e0777-194a-1745-b9c6-bbc4ad559eff" type="org.openqa.selenium.ElementNotVisibleException">org.openqa.selenium.ElementNotVisibleException: Element is not currently visible and so may not be interacted with
Command duration or timeout: 30.10 seconds
Build info: version: &apos;2.44.0&apos;, revision: &apos;76d78cf323ce037c5f92db6c1bba601c2ac43ad8&apos;, time: &apos;2014-10-23 13:11:40&apos;
System info: host: &apos;DCSA-PARTRIDGE-MAC.local&apos;, ip: &apos;10.1.255.113&apos;, os.name: &apos;Mac OS X&apos;, os.arch: &apos;x86_64&apos;, os.version: &apos;10.10.3&apos;, java.version: &apos;1.8.0_25&apos;
Driver info: org.openqa.selenium.firefox.FirefoxDriver
Capabilities [{applicationCacheEnabled=true, rotatable=false, handlesAlerts=true, databaseEnabled=true, version=39.0, platform=MAC, nativeEvents=false, acceptSslCerts=true, webStorageEnabled=true, locationContextEnabled=true, browserName=firefox, takesScreenshot=true, javascriptEnabled=true, cssSelectorsEnabled=true}]
Session ID: 681e0777-194a-1745-b9c6-bbc4ad559eff
	at java.lang.reflect.Constructor.newInstance(Constructor.java:408)
	at org.openqa.selenium.remote.ErrorHandler.createThrowable(ErrorHandler.java:204)
	at org.openqa.selenium.remote.ErrorHandler.throwIfResponseFailed(ErrorHandler.java:156)
	at org.openqa.selenium.remote.RemoteWebDriver.execute(RemoteWebDriver.java:599)
	at org.openqa.selenium.remote.RemoteWebElement.execute(RemoteWebElement.java:268)
	at org.openqa.selenium.remote.RemoteWebElement.click(RemoteWebElement.java:79)
	at DemoSite.SmokeTests.SimpleProductPageStepDefinitions.i_am_on_a_simple_product_page(SimpleProductPageStepDefinitions.java:45)
	at ✽.Given I am on a simple product page(test/resource/SimpleProductSmokeTest.feature:4)
Caused by: org.openqa.selenium.ElementNotVisibleException: Element is not currently visible and so may not be interacted with
Build info: version: &apos;2.44.0&apos;, revision: &apos;76d78cf323ce037c5f92db6c1bba601c2ac43ad8&apos;, time: &apos;2014-10-23 13:11:40&apos;
System info: host: &apos;DCSA-PARTRIDGE-MAC.local&apos;, ip: &apos;10.1.255.113&apos;, os.name: &apos;Mac OS X&apos;, os.arch: &apos;x86_64&apos;, os.version: &apos;10.10.3&apos;, java.version: &apos;1.8.0_25&apos;
Driver info: driver.version: unknown
	at &lt;anonymous class&gt;.fxdriver.preconditions.visible(file:///var/folders/qf/cfs16kkj6j5gw2ghyj_9br2c00007q/T/anonymous3232517477456344052webdriver-profile/extensions/fxdriver@googlecode.com/components/command-processor.js:9587)
	at &lt;anonymous class&gt;.DelayedCommand.prototype.checkPreconditions_(file:///var/folders/qf/cfs16kkj6j5gw2ghyj_9br2c00007q/T/anonymous3232517477456344052webdriver-profile/extensions/fxdriver@googlecode.com/components/command-processor.js:12257)
	at &lt;anonymous class&gt;.DelayedCommand.prototype.executeInternal_/h(file:///var/folders/qf/cfs16kkj6j5gw2ghyj_9br2c00007q/T/anonymous3232517477456344052webdriver-profile/extensions/fxdriver@googlecode.com/components/command-processor.js:12274)
	at &lt;anonymous class&gt;.fxdriver.Timer.prototype.setTimeout/&lt;.notify(file:///var/folders/qf/cfs16kkj6j5gw2ghyj_9br2c00007q/T/anonymous3232517477456344052webdriver-profile/extensions/fxdriver@googlecode.com/components/command-processor.js:603)
</error>
  </testcase>
  <testcase classname="Scenario: I am on simple product page and product is in stock" name="And that product is in stock" time="0.0">
    <skipped />
  </testcase>
  <testcase classname="Scenario: I am on simple product page and product is in stock" name="Then Add to Cart button should be displayed" time="0.0">
    <skipped />
  </testcase>
  <testcase classname="Scenario: I am on simple product page and product is in stock" name="And editable quantity field should be displayed" time="0.0">
    <skipped />
  </testcase>
  <testcase classname="junit.framework.TestSuite" name="Scenario: I am on simple product page and product is in stock" time="34.733" />
  <testcase classname="Scenario: Adding simple product to cart" name="Given I am on a simple product page" time="0.0">
    <error message="Element is not currently visible and so may not be interacted with&#xa;Command duration or timeout: 30.09 seconds&#xa;Build info: version: &apos;2.44.0&apos;, revision: &apos;76d78cf323ce037c5f92db6c1bba601c2ac43ad8&apos;, time: &apos;2014-10-23 13:11:40&apos;&#xa;System info: host: &apos;DCSA-PARTRIDGE-MAC.local&apos;, ip: &apos;10.1.255.113&apos;, os.name: &apos;Mac OS X&apos;, os.arch: &apos;x86_64&apos;, os.version: &apos;10.10.3&apos;, java.version: &apos;1.8.0_25&apos;&#xa;Driver info: org.openqa.selenium.firefox.FirefoxDriver&#xa;Capabilities [{applicationCacheEnabled=true, rotatable=false, handlesAlerts=true, databaseEnabled=true, version=39.0, platform=MAC, nativeEvents=false, acceptSslCerts=true, webStorageEnabled=true, locationContextEnabled=true, browserName=firefox, takesScreenshot=true, javascriptEnabled=true, cssSelectorsEnabled=true}]&#xa;Session ID: 2f208705-6da1-9640-889d-7ec3354c00a9" type="org.openqa.selenium.ElementNotVisibleException">org.openqa.selenium.ElementNotVisibleException: Element is not currently visible and so may not be interacted with
Command duration or timeout: 30.09 seconds
Build info: version: &apos;2.44.0&apos;, revision: &apos;76d78cf323ce037c5f92db6c1bba601c2ac43ad8&apos;, time: &apos;2014-10-23 13:11:40&apos;
System info: host: &apos;DCSA-PARTRIDGE-MAC.local&apos;, ip: &apos;10.1.255.113&apos;, os.name: &apos;Mac OS X&apos;, os.arch: &apos;x86_64&apos;, os.version: &apos;10.10.3&apos;, java.version: &apos;1.8.0_25&apos;
Driver info: org.openqa.selenium.firefox.FirefoxDriver
Capabilities [{applicationCacheEnabled=true, rotatable=false, handlesAlerts=true, databaseEnabled=true, version=39.0, platform=MAC, nativeEvents=false, acceptSslCerts=true, webStorageEnabled=true, locationContextEnabled=true, browserName=firefox, takesScreenshot=true, javascriptEnabled=true, cssSelectorsEnabled=true}]
Session ID: 2f208705-6da1-9640-889d-7ec3354c00a9
	at java.lang.reflect.Constructor.newInstance(Constructor.java:408)
	at org.openqa.selenium.remote.ErrorHandler.createThrowable(ErrorHandler.java:204)
	at org.openqa.selenium.remote.ErrorHandler.throwIfResponseFailed(ErrorHandler.java:156)
	at org.openqa.selenium.remote.RemoteWebDriver.execute(RemoteWebDriver.java:599)
	at org.openqa.selenium.remote.RemoteWebElement.execute(RemoteWebElement.java:268)
	at org.openqa.selenium.remote.RemoteWebElement.click(RemoteWebElement.java:79)
	at DemoSite.SmokeTests.SimpleProductPageStepDefinitions.i_am_on_a_simple_product_page(SimpleProductPageStepDefinitions.java:45)
	at ✽.Given I am on a simple product page(test/resource/SimpleProductSmokeTest.feature:4)
Caused by: org.openqa.selenium.ElementNotVisibleException: Element is not currently visible and so may not be interacted with
Build info: version: &apos;2.44.0&apos;, revision: &apos;76d78cf323ce037c5f92db6c1bba601c2ac43ad8&apos;, time: &apos;2014-10-23 13:11:40&apos;
System info: host: &apos;DCSA-PARTRIDGE-MAC.local&apos;, ip: &apos;10.1.255.113&apos;, os.name: &apos;Mac OS X&apos;, os.arch: &apos;x86_64&apos;, os.version: &apos;10.10.3&apos;, java.version: &apos;1.8.0_25&apos;
Driver info: driver.version: unknown
	at &lt;anonymous class&gt;.fxdriver.preconditions.visible(file:///var/folders/qf/cfs16kkj6j5gw2ghyj_9br2c00007q/T/anonymous1896520729589031819webdriver-profile/extensions/fxdriver@googlecode.com/components/command-processor.js:9587)
	at &lt;anonymous class&gt;.DelayedCommand.prototype.checkPreconditions_(file:///var/folders/qf/cfs16kkj6j5gw2ghyj_9br2c00007q/T/anonymous1896520729589031819webdriver-profile/extensions/fxdriver@googlecode.com/components/command-processor.js:12257)
	at &lt;anonymous class&gt;.DelayedCommand.prototype.executeInternal_/h(file:///var/folders/qf/cfs16kkj6j5gw2ghyj_9br2c00007q/T/anonymous1896520729589031819webdriver-profile/extensions/fxdriver@googlecode.com/components/command-processor.js:12274)
	at &lt;anonymous class&gt;.fxdriver.Timer.prototype.setTimeout/&lt;.notify(file:///var/folders/qf/cfs16kkj6j5gw2ghyj_9br2c00007q/T/anonymous1896520729589031819webdriver-profile/extensions/fxdriver@googlecode.com/components/command-processor.js:603)
</error>
  </testcase>
  <testcase classname="junit.framework.TestSuite" name="Scenario: Adding simple product to cart" time="34.671">
    <error message="Element is not currently visible and so may not be interacted with&#xa;Command duration or timeout: 30.09 seconds&#xa;Build info: version: &apos;2.44.0&apos;, revision: &apos;76d78cf323ce037c5f92db6c1bba601c2ac43ad8&apos;, time: &apos;2014-10-23 13:11:40&apos;&#xa;System info: host: &apos;DCSA-PARTRIDGE-MAC.local&apos;, ip: &apos;10.1.255.113&apos;, os.name: &apos;Mac OS X&apos;, os.arch: &apos;x86_64&apos;, os.version: &apos;10.10.3&apos;, java.version: &apos;1.8.0_25&apos;&#xa;Driver info: org.openqa.selenium.firefox.FirefoxDriver&#xa;Capabilities [{applicationCacheEnabled=true, rotatable=false, handlesAlerts=true, databaseEnabled=true, version=39.0, platform=MAC, nativeEvents=false, acceptSslCerts=true, webStorageEnabled=true, locationContextEnabled=true, browserName=firefox, takesScreenshot=true, javascriptEnabled=true, cssSelectorsEnabled=true}]&#xa;Session ID: 2f208705-6da1-9640-889d-7ec3354c00a9" type="org.openqa.selenium.ElementNotVisibleException">org.openqa.selenium.ElementNotVisibleException: Element is not currently visible and so may not be interacted with
Command duration or timeout: 30.09 seconds
Build info: version: &apos;2.44.0&apos;, revision: &apos;76d78cf323ce037c5f92db6c1bba601c2ac43ad8&apos;, time: &apos;2014-10-23 13:11:40&apos;
System info: host: &apos;DCSA-PARTRIDGE-MAC.local&apos;, ip: &apos;10.1.255.113&apos;, os.name: &apos;Mac OS X&apos;, os.arch: &apos;x86_64&apos;, os.version: &apos;10.10.3&apos;, java.version: &apos;1.8.0_25&apos;
Driver info: org.openqa.selenium.firefox.FirefoxDriver
Capabilities [{applicationCacheEnabled=true, rotatable=false, handlesAlerts=true, databaseEnabled=true, version=39.0, platform=MAC, nativeEvents=false, acceptSslCerts=true, webStorageEnabled=true, locationContextEnabled=true, browserName=firefox, takesScreenshot=true, javascriptEnabled=true, cssSelectorsEnabled=true}]
Session ID: 2f208705-6da1-9640-889d-7ec3354c00a9
	at java.lang.reflect.Constructor.newInstance(Constructor.java:408)
	at org.openqa.selenium.remote.ErrorHandler.createThrowable(ErrorHandler.java:204)
	at org.openqa.selenium.remote.ErrorHandler.throwIfResponseFailed(ErrorHandler.java:156)
	at org.openqa.selenium.remote.RemoteWebDriver.execute(RemoteWebDriver.java:599)
	at org.openqa.selenium.remote.RemoteWebElement.execute(RemoteWebElement.java:268)
	at org.openqa.selenium.remote.RemoteWebElement.click(RemoteWebElement.java:79)
	at DemoSite.SmokeTests.SimpleProductPageStepDefinitions.i_am_on_a_simple_product_page(SimpleProductPageStepDefinitions.java:45)
	at ✽.Given I am on a simple product page(test/resource/SimpleProductSmokeTest.feature:4)
Caused by: org.openqa.selenium.ElementNotVisibleException: Element is not currently visible and so may not be interacted with
Build info: version: &apos;2.44.0&apos;, revision: &apos;76d78cf323ce037c5f92db6c1bba601c2ac43ad8&apos;, time: &apos;2014-10-23 13:11:40&apos;
System info: host: &apos;DCSA-PARTRIDGE-MAC.local&apos;, ip: &apos;10.1.255.113&apos;, os.name: &apos;Mac OS X&apos;, os.arch: &apos;x86_64&apos;, os.version: &apos;10.10.3&apos;, java.version: &apos;1.8.0_25&apos;
Driver info: driver.version: unknown
	at &lt;anonymous class&gt;.fxdriver.preconditions.visible(file:///var/folders/qf/cfs16kkj6j5gw2ghyj_9br2c00007q/T/anonymous1896520729589031819webdriver-profile/extensions/fxdriver@googlecode.com/components/command-processor.js:9587)
	at &lt;anonymous class&gt;.DelayedCommand.prototype.checkPreconditions_(file:///var/folders/qf/cfs16kkj6j5gw2ghyj_9br2c00007q/T/anonymous1896520729589031819webdriver-profile/extensions/fxdriver@googlecode.com/components/command-processor.js:12257)
	at &lt;anonymous class&gt;.DelayedCommand.prototype.executeInternal_/h(file:///var/folders/qf/cfs16kkj6j5gw2ghyj_9br2c00007q/T/anonymous1896520729589031819webdriver-profile/extensions/fxdriver@googlecode.com/components/command-processor.js:12274)
	at &lt;anonymous class&gt;.fxdriver.Timer.prototype.setTimeout/&lt;.notify(file:///var/folders/qf/cfs16kkj6j5gw2ghyj_9br2c00007q/T/anonymous1896520729589031819webdriver-profile/extensions/fxdriver@googlecode.com/components/command-processor.js:603)
</error>
  </testcase>
  <testcase classname="Scenario: Adding simple product to cart" name="And that product is in stock" time="0.0">
    <skipped />
  </testcase>
  <testcase classname="Scenario: Adding simple product to cart" name="When I click the Add to Cart button" time="0.0">
    <skipped />
  </testcase>
  <testcase classname="Scenario: Adding simple product to cart" name="Then a page notification should be displayed saying product successfully added to cart" time="0.0">
    <skipped />
  </testcase>
  <testcase classname="Scenario: Adding simple product to cart" name="And product should be added to my cart" time="0.0">
    <skipped />
  </testcase>
  <testcase classname="junit.framework.TestSuite" name="Scenario: Adding simple product to cart" time="34.778" />
  <system-out><![CDATA[Feature: smoke tests to test simple product page

  Background:                           [90m# test/resource/SimpleProductSmokeTest.feature:3[0m
    [31mGiven [0m[31mI am on a simple product page[0m [90m# SimpleProductPageStepDefinitions.i_am_on_a_simple_product_page()[0m
      [31morg.openqa.selenium.ElementNotVisibleException: Element is not currently visible and so may not be interacted with
      Command duration or timeout: 30.14 seconds
      Build info: version: '2.44.0', revision: '76d78cf323ce037c5f92db6c1bba601c2ac43ad8', time: '2014-10-23 13:11:40'
      System info: host: 'DCSA-PARTRIDGE-MAC.local', ip: '10.1.255.113', os.name: 'Mac OS X', os.arch: 'x86_64', os.version: '10.10.3', java.version: '1.8.0_25'
      Driver info: org.openqa.selenium.firefox.FirefoxDriver
      Capabilities [{applicationCacheEnabled=true, rotatable=false, handlesAlerts=true, databaseEnabled=true, version=39.0, platform=MAC, nativeEvents=false, acceptSslCerts=true, webStorageEnabled=true, locationContextEnabled=true, browserName=firefox, takesScreenshot=true, javascriptEnabled=true, cssSelectorsEnabled=true}]
      Session ID: ccf9ee03-a37a-1d47-8810-0be993f575ab
      	at sun.reflect.NativeConstructorAccessorImpl.newInstance0(Native Method)
      	at sun.reflect.NativeConstructorAccessorImpl.newInstance(NativeConstructorAccessorImpl.java:62)
      	at sun.reflect.DelegatingConstructorAccessorImpl.newInstance(DelegatingConstructorAccessorImpl.java:45)
      	at java.lang.reflect.Constructor.newInstance(Constructor.java:408)
      	at org.openqa.selenium.remote.ErrorHandler.createThrowable(ErrorHandler.java:204)
      	at org.openqa.selenium.remote.ErrorHandler.throwIfResponseFailed(ErrorHandler.java:156)
      	at org.openqa.selenium.remote.RemoteWebDriver.execute(RemoteWebDriver.java:599)
      	at org.openqa.selenium.remote.RemoteWebElement.execute(RemoteWebElement.java:268)
      	at org.openqa.selenium.remote.RemoteWebElement.click(RemoteWebElement.java:79)
      	at DemoSite.SmokeTests.SimpleProductPageStepDefinitions.i_am_on_a_simple_product_page(SimpleProductPageStepDefinitions.java:45)
      	at ✽.Given I am on a simple product page(test/resource/SimpleProductSmokeTest.feature:4)
      Caused by: org.openqa.selenium.ElementNotVisibleException: Element is not currently visible and so may not be interacted with
      Build info: version: '2.44.0', revision: '76d78cf323ce037c5f92db6c1bba601c2ac43ad8', time: '2014-10-23 13:11:40'
      System info: host: 'DCSA-PARTRIDGE-MAC.local', ip: '10.1.255.113', os.name: 'Mac OS X', os.arch: 'x86_64', os.version: '10.10.3', java.version: '1.8.0_25'
      Driver info: driver.version: unknown
      	at <anonymous class>.fxdriver.preconditions.visible(file:///var/folders/qf/cfs16kkj6j5gw2ghyj_9br2c00007q/T/anonymous85134726151926746webdriver-profile/extensions/fxdriver@googlecode.com/components/command-processor.js:9587)
      	at <anonymous class>.DelayedCommand.prototype.checkPreconditions_(file:///var/folders/qf/cfs16kkj6j5gw2ghyj_9br2c00007q/T/anonymous85134726151926746webdriver-profile/extensions/fxdriver@googlecode.com/components/command-processor.js:12257)
      	at <anonymous class>.DelayedCommand.prototype.executeInternal_/h(file:///var/folders/qf/cfs16kkj6j5gw2ghyj_9br2c00007q/T/anonymous85134726151926746webdriver-profile/extensions/fxdriver@googlecode.com/components/command-processor.js:12274)
      	at <anonymous class>.fxdriver.Timer.prototype.setTimeout/<.notify(file:///var/folders/qf/cfs16kkj6j5gw2ghyj_9br2c00007q/T/anonymous85134726151926746webdriver-profile/extensions/fxdriver@googlecode.com/components/command-processor.js:603)
      [0m

  @test
  Scenario: I am on a simple product page                          [90m# test/resource/SimpleProductSmokeTest.feature:7[0m
    [36mThen [0m[36mproduct name, price, and availability should be displayed[0m [90m# SimpleProductPageStepDefinitions.product_name_price_and_availability_should_be_displayed()[0m

  Background:                           [90m# test/resource/SimpleProductSmokeTest.feature:3[0m
    [31mGiven [0m[31mI am on a simple product page[0m [90m# SimpleProductPageStepDefinitions.i_am_on_a_simple_product_page()[0m
      [31morg.openqa.selenium.ElementNotVisibleException: Element is not currently visible and so may not be interacted with
      Command duration or timeout: 30.10 seconds
      Build info: version: '2.44.0', revision: '76d78cf323ce037c5f92db6c1bba601c2ac43ad8', time: '2014-10-23 13:11:40'
      System info: host: 'DCSA-PARTRIDGE-MAC.local', ip: '10.1.255.113', os.name: 'Mac OS X', os.arch: 'x86_64', os.version: '10.10.3', java.version: '1.8.0_25'
      Driver info: org.openqa.selenium.firefox.FirefoxDriver
      Capabilities [{applicationCacheEnabled=true, rotatable=false, handlesAlerts=true, databaseEnabled=true, version=39.0, platform=MAC, nativeEvents=false, acceptSslCerts=true, webStorageEnabled=true, locationContextEnabled=true, browserName=firefox, takesScreenshot=true, javascriptEnabled=true, cssSelectorsEnabled=true}]
      Session ID: 681e0777-194a-1745-b9c6-bbc4ad559eff
      	at sun.reflect.NativeConstructorAccessorImpl.newInstance0(Native Method)
      	at sun.reflect.NativeConstructorAccessorImpl.newInstance(NativeConstructorAccessorImpl.java:62)
      	at sun.reflect.DelegatingConstructorAccessorImpl.newInstance(DelegatingConstructorAccessorImpl.java:45)
      	at java.lang.reflect.Constructor.newInstance(Constructor.java:408)
      	at org.openqa.selenium.remote.ErrorHandler.createThrowable(ErrorHandler.java:204)
      	at org.openqa.selenium.remote.ErrorHandler.throwIfResponseFailed(ErrorHandler.java:156)
      	at org.openqa.selenium.remote.RemoteWebDriver.execute(RemoteWebDriver.java:599)
      	at org.openqa.selenium.remote.RemoteWebElement.execute(RemoteWebElement.java:268)
      	at org.openqa.selenium.remote.RemoteWebElement.click(RemoteWebElement.java:79)
      	at DemoSite.SmokeTests.SimpleProductPageStepDefinitions.i_am_on_a_simple_product_page(SimpleProductPageStepDefinitions.java:45)
      	at ✽.Given I am on a simple product page(test/resource/SimpleProductSmokeTest.feature:4)
      Caused by: org.openqa.selenium.ElementNotVisibleException: Element is not currently visible and so may not be interacted with
      Build info: version: '2.44.0', revision: '76d78cf323ce037c5f92db6c1bba601c2ac43ad8', time: '2014-10-23 13:11:40'
      System info: host: 'DCSA-PARTRIDGE-MAC.local', ip: '10.1.255.113', os.name: 'Mac OS X', os.arch: 'x86_64', os.version: '10.10.3', java.version: '1.8.0_25'
      Driver info: driver.version: unknown
      	at <anonymous class>.fxdriver.preconditions.visible(file:///var/folders/qf/cfs16kkj6j5gw2ghyj_9br2c00007q/T/anonymous3232517477456344052webdriver-profile/extensions/fxdriver@googlecode.com/components/command-processor.js:9587)
      	at <anonymous class>.DelayedCommand.prototype.checkPreconditions_(file:///var/folders/qf/cfs16kkj6j5gw2ghyj_9br2c00007q/T/anonymous3232517477456344052webdriver-profile/extensions/fxdriver@googlecode.com/components/command-processor.js:12257)
      	at <anonymous class>.DelayedCommand.prototype.executeInternal_/h(file:///var/folders/qf/cfs16kkj6j5gw2ghyj_9br2c00007q/T/anonymous3232517477456344052webdriver-profile/extensions/fxdriver@googlecode.com/components/command-processor.js:12274)
      	at <anonymous class>.fxdriver.Timer.prototype.setTimeout/<.notify(file:///var/folders/qf/cfs16kkj6j5gw2ghyj_9br2c00007q/T/anonymous3232517477456344052webdriver-profile/extensions/fxdriver@googlecode.com/components/command-processor.js:603)
      [0m

  @test
  Scenario: I am on simple product page and product is in stock [90m# test/resource/SimpleProductSmokeTest.feature:11[0m
    [36mAnd [0m[36mthat product is in stock[0m                                [90m# SimpleProductPageStepDefinitions.that_product_is_in_stock()[0m
    [36mThen [0m[36mAdd to Cart button should be displayed[0m                 [90m# SimpleProductPageStepDefinitions.add_to_Cart_button_should_be_displayed()[0m
    [36mAnd [0m[36meditable quantity field should be displayed[0m             [90m# SimpleProductPageStepDefinitions.editable_quantity_field_should_be_displayed()[0m

  Background:                           [90m# test/resource/SimpleProductSmokeTest.feature:3[0m
    [31mGiven [0m[31mI am on a simple product page[0m [90m# SimpleProductPageStepDefinitions.i_am_on_a_simple_product_page()[0m
      [31morg.openqa.selenium.ElementNotVisibleException: Element is not currently visible and so may not be interacted with
      Command duration or timeout: 30.09 seconds
      Build info: version: '2.44.0', revision: '76d78cf323ce037c5f92db6c1bba601c2ac43ad8', time: '2014-10-23 13:11:40'
      System info: host: 'DCSA-PARTRIDGE-MAC.local', ip: '10.1.255.113', os.name: 'Mac OS X', os.arch: 'x86_64', os.version: '10.10.3', java.version: '1.8.0_25'
      Driver info: org.openqa.selenium.firefox.FirefoxDriver
      Capabilities [{applicationCacheEnabled=true, rotatable=false, handlesAlerts=true, databaseEnabled=true, version=39.0, platform=MAC, nativeEvents=false, acceptSslCerts=true, webStorageEnabled=true, locationContextEnabled=true, browserName=firefox, takesScreenshot=true, javascriptEnabled=true, cssSelectorsEnabled=true}]
      Session ID: 2f208705-6da1-9640-889d-7ec3354c00a9
      	at sun.reflect.NativeConstructorAccessorImpl.newInstance0(Native Method)
      	at sun.reflect.NativeConstructorAccessorImpl.newInstance(NativeConstructorAccessorImpl.java:62)
      	at sun.reflect.DelegatingConstructorAccessorImpl.newInstance(DelegatingConstructorAccessorImpl.java:45)
      	at java.lang.reflect.Constructor.newInstance(Constructor.java:408)
      	at org.openqa.selenium.remote.ErrorHandler.createThrowable(ErrorHandler.java:204)
      	at org.openqa.selenium.remote.ErrorHandler.throwIfResponseFailed(ErrorHandler.java:156)
      	at org.openqa.selenium.remote.RemoteWebDriver.execute(RemoteWebDriver.java:599)
      	at org.openqa.selenium.remote.RemoteWebElement.execute(RemoteWebElement.java:268)
      	at org.openqa.selenium.remote.RemoteWebElement.click(RemoteWebElement.java:79)
      	at DemoSite.SmokeTests.SimpleProductPageStepDefinitions.i_am_on_a_simple_product_page(SimpleProductPageStepDefinitions.java:45)
      	at ✽.Given I am on a simple product page(test/resource/SimpleProductSmokeTest.feature:4)
      Caused by: org.openqa.selenium.ElementNotVisibleException: Element is not currently visible and so may not be interacted with
      Build info: version: '2.44.0', revision: '76d78cf323ce037c5f92db6c1bba601c2ac43ad8', time: '2014-10-23 13:11:40'
      System info: host: 'DCSA-PARTRIDGE-MAC.local', ip: '10.1.255.113', os.name: 'Mac OS X', os.arch: 'x86_64', os.version: '10.10.3', java.version: '1.8.0_25'
      Driver info: driver.version: unknown
      	at <anonymous class>.fxdriver.preconditions.visible(file:///var/folders/qf/cfs16kkj6j5gw2ghyj_9br2c00007q/T/anonymous1896520729589031819webdriver-profile/extensions/fxdriver@googlecode.com/components/command-processor.js:9587)
      	at <anonymous class>.DelayedCommand.prototype.checkPreconditions_(file:///var/folders/qf/cfs16kkj6j5gw2ghyj_9br2c00007q/T/anonymous1896520729589031819webdriver-profile/extensions/fxdriver@googlecode.com/components/command-processor.js:12257)
      	at <anonymous class>.DelayedCommand.prototype.executeInternal_/h(file:///var/folders/qf/cfs16kkj6j5gw2ghyj_9br2c00007q/T/anonymous1896520729589031819webdriver-profile/extensions/fxdriver@googlecode.com/components/command-processor.js:12274)
      	at <anonymous class>.fxdriver.Timer.prototype.setTimeout/<.notify(file:///var/folders/qf/cfs16kkj6j5gw2ghyj_9br2c00007q/T/anonymous1896520729589031819webdriver-profile/extensions/fxdriver@googlecode.com/components/command-processor.js:603)
      [0m

  @test
  Scenario: Adding simple product to cart                                                  [90m# test/resource/SimpleProductSmokeTest.feature:17[0m
    [36mAnd [0m[36mthat product is in stock[0m                                                           [90m# SimpleProductPageStepDefinitions.that_product_is_in_stock()[0m
    [36mWhen [0m[36mI click the Add to Cart button[0m                                                    [90m# SimpleProductPageStepDefinitions.i_click_the_Add_to_Cart_button()[0m
    [36mThen [0m[36ma page notification should be displayed saying product successfully added to cart[0m [90m# SimpleProductPageStepDefinitions.a_page_notification_should_be_displayed_saying_product_successfully_added_to_cart()[0m
    [36mAnd [0m[36mproduct should be added to my cart[0m                                                 [90m# SimpleProductPageStepDefinitions.product_should_be_added_to_my_cart()[0m

3 Scenarios ([31m3 failed[0m)
11 Steps ([31m3 failed[0m, [36m8 skipped[0m)
1m45.748s

org.openqa.selenium.ElementNotVisibleException: Element is not currently visible and so may not be interacted with
Command duration or timeout: 30.14 seconds
Build info: version: '2.44.0', revision: '76d78cf323ce037c5f92db6c1bba601c2ac43ad8', time: '2014-10-23 13:11:40'
System info: host: 'DCSA-PARTRIDGE-MAC.local', ip: '10.1.255.113', os.name: 'Mac OS X', os.arch: 'x86_64', os.version: '10.10.3', java.version: '1.8.0_25'
Driver info: org.openqa.selenium.firefox.FirefoxDriver
Capabilities [{applicationCacheEnabled=true, rotatable=false, handlesAlerts=true, databaseEnabled=true, version=39.0, platform=MAC, nativeEvents=false, acceptSslCerts=true, webStorageEnabled=true, locationContextEnabled=true, browserName=firefox, takesScreenshot=true, javascriptEnabled=true, cssSelectorsEnabled=true}]
Session ID: ccf9ee03-a37a-1d47-8810-0be993f575ab
	at sun.reflect.NativeConstructorAccessorImpl.newInstance0(Native Method)
	at sun.reflect.NativeConstructorAccessorImpl.newInstance(NativeConstructorAccessorImpl.java:62)
	at sun.reflect.DelegatingConstructorAccessorImpl.newInstance(DelegatingConstructorAccessorImpl.java:45)
	at java.lang.reflect.Constructor.newInstance(Constructor.java:408)
	at org.openqa.selenium.remote.ErrorHandler.createThrowable(ErrorHandler.java:204)
	at org.openqa.selenium.remote.ErrorHandler.throwIfResponseFailed(ErrorHandler.java:156)
	at org.openqa.selenium.remote.RemoteWebDriver.execute(RemoteWebDriver.java:599)
	at org.openqa.selenium.remote.RemoteWebElement.execute(RemoteWebElement.java:268)
	at org.openqa.selenium.remote.RemoteWebElement.click(RemoteWebElement.java:79)
	at DemoSite.SmokeTests.SimpleProductPageStepDefinitions.i_am_on_a_simple_product_page(SimpleProductPageStepDefinitions.java:45)
	at ✽.Given I am on a simple product page(test/resource/SimpleProductSmokeTest.feature:4)
Caused by: org.openqa.selenium.ElementNotVisibleException: Element is not currently visible and so may not be interacted with
Build info: version: '2.44.0', revision: '76d78cf323ce037c5f92db6c1bba601c2ac43ad8', time: '2014-10-23 13:11:40'
System info: host: 'DCSA-PARTRIDGE-MAC.local', ip: '10.1.255.113', os.name: 'Mac OS X', os.arch: 'x86_64', os.version: '10.10.3', java.version: '1.8.0_25'
Driver info: driver.version: unknown
	at <anonymous class>.fxdriver.preconditions.visible(file:///var/folders/qf/cfs16kkj6j5gw2ghyj_9br2c00007q/T/anonymous85134726151926746webdriver-profile/extensions/fxdriver@googlecode.com/components/command-processor.js:9587)
	at <anonymous class>.DelayedCommand.prototype.checkPreconditions_(file:///var/folders/qf/cfs16kkj6j5gw2ghyj_9br2c00007q/T/anonymous85134726151926746webdriver-profile/extensions/fxdriver@googlecode.com/components/command-processor.js:12257)
	at <anonymous class>.DelayedCommand.prototype.executeInternal_/h(file:///var/folders/qf/cfs16kkj6j5gw2ghyj_9br2c00007q/T/anonymous85134726151926746webdriver-profile/extensions/fxdriver@googlecode.com/components/command-processor.js:12274)
	at <anonymous class>.fxdriver.Timer.prototype.setTimeout/<.notify(file:///var/folders/qf/cfs16kkj6j5gw2ghyj_9br2c00007q/T/anonymous85134726151926746webdriver-profile/extensions/fxdriver@googlecode.com/components/command-processor.js:603)

org.openqa.selenium.ElementNotVisibleException: Element is not currently visible and so may not be interacted with
Command duration or timeout: 30.10 seconds
Build info: version: '2.44.0', revision: '76d78cf323ce037c5f92db6c1bba601c2ac43ad8', time: '2014-10-23 13:11:40'
System info: host: 'DCSA-PARTRIDGE-MAC.local', ip: '10.1.255.113', os.name: 'Mac OS X', os.arch: 'x86_64', os.version: '10.10.3', java.version: '1.8.0_25'
Driver info: org.openqa.selenium.firefox.FirefoxDriver
Capabilities [{applicationCacheEnabled=true, rotatable=false, handlesAlerts=true, databaseEnabled=true, version=39.0, platform=MAC, nativeEvents=false, acceptSslCerts=true, webStorageEnabled=true, locationContextEnabled=true, browserName=firefox, takesScreenshot=true, javascriptEnabled=true, cssSelectorsEnabled=true}]
Session ID: 681e0777-194a-1745-b9c6-bbc4ad559eff
	at sun.reflect.NativeConstructorAccessorImpl.newInstance0(Native Method)
	at sun.reflect.NativeConstructorAccessorImpl.newInstance(NativeConstructorAccessorImpl.java:62)
	at sun.reflect.DelegatingConstructorAccessorImpl.newInstance(DelegatingConstructorAccessorImpl.java:45)
	at java.lang.reflect.Constructor.newInstance(Constructor.java:408)
	at org.openqa.selenium.remote.ErrorHandler.createThrowable(ErrorHandler.java:204)
	at org.openqa.selenium.remote.ErrorHandler.throwIfResponseFailed(ErrorHandler.java:156)
	at org.openqa.selenium.remote.RemoteWebDriver.execute(RemoteWebDriver.java:599)
	at org.openqa.selenium.remote.RemoteWebElement.execute(RemoteWebElement.java:268)
	at org.openqa.selenium.remote.RemoteWebElement.click(RemoteWebElement.java:79)
	at DemoSite.SmokeTests.SimpleProductPageStepDefinitions.i_am_on_a_simple_product_page(SimpleProductPageStepDefinitions.java:45)
	at ✽.Given I am on a simple product page(test/resource/SimpleProductSmokeTest.feature:4)
Caused by: org.openqa.selenium.ElementNotVisibleException: Element is not currently visible and so may not be interacted with
Build info: version: '2.44.0', revision: '76d78cf323ce037c5f92db6c1bba601c2ac43ad8', time: '2014-10-23 13:11:40'
System info: host: 'DCSA-PARTRIDGE-MAC.local', ip: '10.1.255.113', os.name: 'Mac OS X', os.arch: 'x86_64', os.version: '10.10.3', java.version: '1.8.0_25'
Driver info: driver.version: unknown
	at <anonymous class>.fxdriver.preconditions.visible(file:///var/folders/qf/cfs16kkj6j5gw2ghyj_9br2c00007q/T/anonymous3232517477456344052webdriver-profile/extensions/fxdriver@googlecode.com/components/command-processor.js:9587)
	at <anonymous class>.DelayedCommand.prototype.checkPreconditions_(file:///var/folders/qf/cfs16kkj6j5gw2ghyj_9br2c00007q/T/anonymous3232517477456344052webdriver-profile/extensions/fxdriver@googlecode.com/components/command-processor.js:12257)
	at <anonymous class>.DelayedCommand.prototype.executeInternal_/h(file:///var/folders/qf/cfs16kkj6j5gw2ghyj_9br2c00007q/T/anonymous3232517477456344052webdriver-profile/extensions/fxdriver@googlecode.com/components/command-processor.js:12274)
	at <anonymous class>.fxdriver.Timer.prototype.setTimeout/<.notify(file:///var/folders/qf/cfs16kkj6j5gw2ghyj_9br2c00007q/T/anonymous3232517477456344052webdriver-profile/extensions/fxdriver@googlecode.com/components/command-processor.js:603)

org.openqa.selenium.ElementNotVisibleException: Element is not currently visible and so may not be interacted with
Command duration or timeout: 30.09 seconds
Build info: version: '2.44.0', revision: '76d78cf323ce037c5f92db6c1bba601c2ac43ad8', time: '2014-10-23 13:11:40'
System info: host: 'DCSA-PARTRIDGE-MAC.local', ip: '10.1.255.113', os.name: 'Mac OS X', os.arch: 'x86_64', os.version: '10.10.3', java.version: '1.8.0_25'
Driver info: org.openqa.selenium.firefox.FirefoxDriver
Capabilities [{applicationCacheEnabled=true, rotatable=false, handlesAlerts=true, databaseEnabled=true, version=39.0, platform=MAC, nativeEvents=false, acceptSslCerts=true, webStorageEnabled=true, locationContextEnabled=true, browserName=firefox, takesScreenshot=true, javascriptEnabled=true, cssSelectorsEnabled=true}]
Session ID: 2f208705-6da1-9640-889d-7ec3354c00a9
	at sun.reflect.NativeConstructorAccessorImpl.newInstance0(Native Method)
	at sun.reflect.NativeConstructorAccessorImpl.newInstance(NativeConstructorAccessorImpl.java:62)
	at sun.reflect.DelegatingConstructorAccessorImpl.newInstance(DelegatingConstructorAccessorImpl.java:45)
	at java.lang.reflect.Constructor.newInstance(Constructor.java:408)
	at org.openqa.selenium.remote.ErrorHandler.createThrowable(ErrorHandler.java:204)
	at org.openqa.selenium.remote.ErrorHandler.throwIfResponseFailed(ErrorHandler.java:156)
	at org.openqa.selenium.remote.RemoteWebDriver.execute(RemoteWebDriver.java:599)
	at org.openqa.selenium.remote.RemoteWebElement.execute(RemoteWebElement.java:268)
	at org.openqa.selenium.remote.RemoteWebElement.click(RemoteWebElement.java:79)
	at DemoSite.SmokeTests.SimpleProductPageStepDefinitions.i_am_on_a_simple_product_page(SimpleProductPageStepDefinitions.java:45)
	at ✽.Given I am on a simple product page(test/resource/SimpleProductSmokeTest.feature:4)
Caused by: org.openqa.selenium.ElementNotVisibleException: Element is not currently visible and so may not be interacted with
Build info: version: '2.44.0', revision: '76d78cf323ce037c5f92db6c1bba601c2ac43ad8', time: '2014-10-23 13:11:40'
System info: host: 'DCSA-PARTRIDGE-MAC.local', ip: '10.1.255.113', os.name: 'Mac OS X', os.arch: 'x86_64', os.version: '10.10.3', java.version: '1.8.0_25'
Driver info: driver.version: unknown
	at <anonymous class>.fxdriver.preconditions.visible(file:///var/folders/qf/cfs16kkj6j5gw2ghyj_9br2c00007q/T/anonymous1896520729589031819webdriver-profile/extensions/fxdriver@googlecode.com/components/command-processor.js:9587)
	at <anonymous class>.DelayedCommand.prototype.checkPreconditions_(file:///var/folders/qf/cfs16kkj6j5gw2ghyj_9br2c00007q/T/anonymous1896520729589031819webdriver-profile/extensions/fxdriver@googlecode.com/components/command-processor.js:12257)
	at <anonymous class>.DelayedCommand.prototype.executeInternal_/h(file:///var/folders/qf/cfs16kkj6j5gw2ghyj_9br2c00007q/T/anonymous1896520729589031819webdriver-profile/extensions/fxdriver@googlecode.com/components/command-processor.js:12274)
	at <anonymous class>.fxdriver.Timer.prototype.setTimeout/<.notify(file:///var/folders/qf/cfs16kkj6j5gw2ghyj_9br2c00007q/T/anonymous1896520729589031819webdriver-profile/extensions/fxdriver@googlecode.com/components/command-processor.js:603)

]]></system-out>
  <system-err><![CDATA[]]></system-err>
</testsuite>
