<?xml version="1.0" encoding="UTF-8"?>
<testng-results skipped="0" failed="0" total="0" passed="0">
  <reporter-output>
  </reporter-output>
  <suite name="DemoSite.SmokeTests.TestCucumberIT" duration-ms="2" started-at="2015-08-12T17:00:53Z" finished-at="2015-08-12T17:00:53Z">
    <groups>
    </groups>
    <test name="Command line test" duration-ms="2" started-at="2015-08-12T17:00:53Z" finished-at="2015-08-12T17:00:53Z">
    </test> <!-- Command line test -->
  </suite> <!-- DemoSite.SmokeTests.TestCucumberIT -->
</testng-results>
